d:\uni\apunts prog2\repoaa2\aa2_pacman\aa2_pac-man\tmp\g03_aa2-2win32debug\vc141.pdb
d:\uni\apunts prog2\repoaa2\aa2_pacman\aa2_pac-man\tmp\g03_aa2-2win32debug\vc141.idb
d:\uni\apunts prog2\repoaa2\aa2_pacman\aa2_pac-man\tmp\g03_aa2-2win32debug\splash_screen.obj
d:\uni\apunts prog2\repoaa2\aa2_pacman\aa2_pac-man\tmp\g03_aa2-2win32debug\scene.obj
d:\uni\apunts prog2\repoaa2\aa2_pacman\aa2_pac-man\tmp\g03_aa2-2win32debug\renderer.obj
d:\uni\apunts prog2\repoaa2\aa2_pacman\aa2_pac-man\tmp\g03_aa2-2win32debug\ranking.obj
d:\uni\apunts prog2\repoaa2\aa2_pacman\aa2_pac-man\tmp\g03_aa2-2win32debug\powerup.obj
d:\uni\apunts prog2\repoaa2\aa2_pacman\aa2_pac-man\tmp\g03_aa2-2win32debug\player.obj
d:\uni\apunts prog2\repoaa2\aa2_pacman\aa2_pac-man\tmp\g03_aa2-2win32debug\play.obj
d:\uni\apunts prog2\repoaa2\aa2_pacman\aa2_pac-man\tmp\g03_aa2-2win32debug\object.obj
d:\uni\apunts prog2\repoaa2\aa2_pacman\aa2_pac-man\tmp\g03_aa2-2win32debug\menu.obj
d:\uni\apunts prog2\repoaa2\aa2_pacman\aa2_pac-man\tmp\g03_aa2-2win32debug\main.obj
d:\uni\apunts prog2\repoaa2\aa2_pacman\aa2_pac-man\tmp\g03_aa2-2win32debug\inputs.obj
d:\uni\apunts prog2\repoaa2\aa2_pacman\aa2_pac-man\tmp\g03_aa2-2win32debug\inky.obj
d:\uni\apunts prog2\repoaa2\aa2_pacman\aa2_pac-man\tmp\g03_aa2-2win32debug\hud.obj
d:\uni\apunts prog2\repoaa2\aa2_pacman\aa2_pac-man\tmp\g03_aa2-2win32debug\gamecontroller.obj
d:\uni\apunts prog2\repoaa2\aa2_pacman\aa2_pac-man\tmp\g03_aa2-2win32debug\enemy.obj
d:\uni\apunts prog2\repoaa2\aa2_pacman\aa2_pac-man\tmp\g03_aa2-2win32debug\clyde.obj
d:\uni\apunts prog2\repoaa2\aa2_pacman\aa2_pac-man\tmp\g03_aa2-2win32debug\button.obj
d:\uni\apunts prog2\repoaa2\aa2_pacman\aa2_pac-man\bin\win32debug\g03_aa2-2.ilk
d:\uni\apunts prog2\repoaa2\aa2_pacman\aa2_pac-man\bin\win32debug\g03_aa2-2.exe
d:\uni\apunts prog2\repoaa2\aa2_pacman\aa2_pac-man\bin\win32debug\g03_aa2-2.pdb
d:\uni\apunts prog2\repoaa2\aa2_pacman\aa2_pac-man\\bin\win32debug\g03_aa2-2.pdb
d:\uni\apunts prog2\repoaa2\aa2_pacman\aa2_pac-man\\bin\win32debug\g03_aa2-2.exe
d:\uni\apunts prog2\repoaa2\aa2_pacman\aa2_pac-man\\bin\win32debug\g03_aa2-2.ilk
d:\uni\apunts prog2\repoaa2\aa2_pacman\aa2_pac-man\tmp\g03_aa2-2win32debug\g03_aa2-2.tlog\cl.command.1.tlog
d:\uni\apunts prog2\repoaa2\aa2_pacman\aa2_pac-man\tmp\g03_aa2-2win32debug\g03_aa2-2.tlog\cl.read.1.tlog
d:\uni\apunts prog2\repoaa2\aa2_pacman\aa2_pac-man\tmp\g03_aa2-2win32debug\g03_aa2-2.tlog\cl.write.1.tlog
d:\uni\apunts prog2\repoaa2\aa2_pacman\aa2_pac-man\tmp\g03_aa2-2win32debug\g03_aa2-2.tlog\link.command.1.tlog
d:\uni\apunts prog2\repoaa2\aa2_pacman\aa2_pac-man\tmp\g03_aa2-2win32debug\g03_aa2-2.tlog\link.read.1.tlog
d:\uni\apunts prog2\repoaa2\aa2_pacman\aa2_pac-man\tmp\g03_aa2-2win32debug\g03_aa2-2.tlog\link.write.1.tlog
