d:\uni\apunts prog2\repoaa2\aa2_pacman\aa2_pac-man\tmp\aa2_pacmanwin32debug\vc141.pdb
d:\uni\apunts prog2\repoaa2\aa2_pacman\aa2_pac-man\tmp\aa2_pacmanwin32debug\vc141.idb
d:\uni\apunts prog2\repoaa2\aa2_pacman\aa2_pac-man\tmp\aa2_pacmanwin32debug\main.obj
d:\uni\apunts prog2\repoaa2\aa2_pacman\aa2_pac-man\tmp\aa2_pacmanwin32debug\renderer.obj
d:\uni\apunts prog2\repoaa2\aa2_pacman\aa2_pac-man\tmp\aa2_pacmanwin32debug\splash_screen.obj
d:\uni\apunts prog2\repoaa2\aa2_pacman\aa2_pac-man\tmp\aa2_pacmanwin32debug\scene.obj
d:\uni\apunts prog2\repoaa2\aa2_pacman\aa2_pac-man\tmp\aa2_pacmanwin32debug\ranking.obj
d:\uni\apunts prog2\repoaa2\aa2_pacman\aa2_pac-man\tmp\aa2_pacmanwin32debug\powerup.obj
d:\uni\apunts prog2\repoaa2\aa2_pacman\aa2_pac-man\tmp\aa2_pacmanwin32debug\player.obj
d:\uni\apunts prog2\repoaa2\aa2_pacman\aa2_pac-man\tmp\aa2_pacmanwin32debug\menu.obj
d:\uni\apunts prog2\repoaa2\aa2_pacman\aa2_pac-man\tmp\aa2_pacmanwin32debug\inputs.obj
d:\uni\apunts prog2\repoaa2\aa2_pacman\aa2_pac-man\tmp\aa2_pacmanwin32debug\button.obj
d:\uni\apunts prog2\repoaa2\aa2_pacman\aa2_pac-man\tmp\aa2_pacmanwin32debug\brick.obj
d:\uni\apunts prog2\repoaa2\aa2_pacman\aa2_pac-man\tmp\aa2_pacmanwin32debug\ball.obj
d:\uni\apunts prog2\repoaa2\aa2_pacman\aa2_pac-man\tmp\aa2_pacmanwin32debug\play.obj
d:\uni\apunts prog2\repoaa2\aa2_pacman\aa2_pac-man\tmp\aa2_pacmanwin32debug\gamecontroller.obj
d:\uni\apunts prog2\repoaa2\aa2_pacman\aa2_pac-man\bin\win32debug\aa2_pacman.exe
d:\uni\apunts prog2\repoaa2\aa2_pacman\aa2_pac-man\bin\win32debug\aa2_pacman.ilk
d:\uni\apunts prog2\repoaa2\aa2_pacman\aa2_pac-man\bin\win32debug\aa2_pacman.pdb
d:\uni\apunts prog2\repoaa2\aa2_pacman\aa2_pac-man\\bin\win32debug\aa2_pacman.pdb
d:\uni\apunts prog2\repoaa2\aa2_pacman\aa2_pac-man\\bin\win32debug\aa2_pacman.exe
d:\uni\apunts prog2\repoaa2\aa2_pacman\aa2_pac-man\\bin\win32debug\aa2_pacman.ilk
d:\uni\apunts prog2\repoaa2\aa2_pacman\aa2_pac-man\tmp\aa2_pacmanwin32debug\aa2_pacman.tlog\cl.command.1.tlog
d:\uni\apunts prog2\repoaa2\aa2_pacman\aa2_pac-man\tmp\aa2_pacmanwin32debug\aa2_pacman.tlog\cl.read.1.tlog
d:\uni\apunts prog2\repoaa2\aa2_pacman\aa2_pac-man\tmp\aa2_pacmanwin32debug\aa2_pacman.tlog\cl.write.1.tlog
d:\uni\apunts prog2\repoaa2\aa2_pacman\aa2_pac-man\tmp\aa2_pacmanwin32debug\aa2_pacman.tlog\link.command.1.tlog
d:\uni\apunts prog2\repoaa2\aa2_pacman\aa2_pac-man\tmp\aa2_pacmanwin32debug\aa2_pacman.tlog\link.read.1.tlog
d:\uni\apunts prog2\repoaa2\aa2_pacman\aa2_pac-man\tmp\aa2_pacmanwin32debug\aa2_pacman.tlog\link.write.1.tlog
